<?xml version="1.0" encoding="UTF-8"?>
<testsuite name="likelion.halo.hamso.controller.AuthControllerTest" tests="5" skipped="0" failures="0" errors="0" timestamp="2023-07-25T11:35:50" hostname="minimoucBookAir" time="0.122">
  <properties/>
  <testcase name="로그인 성공" classname="likelion.halo.hamso.controller.AuthControllerTest" time="0.085"/>
  <testcase name="회원가입 실패 - loginId 중복" classname="likelion.halo.hamso.controller.AuthControllerTest" time="0.013"/>
  <testcase name="회원가입 성공" classname="likelion.halo.hamso.controller.AuthControllerTest" time="0.007"/>
  <testcase name="로그인 실패 - loginId 없음" classname="likelion.halo.hamso.controller.AuthControllerTest" time="0.007"/>
  <testcase name="로그인 실패 - password 틀린 경우" classname="likelion.halo.hamso.controller.AuthControllerTest" time="0.006"/>
  <system-out><![CDATA[20:35:47.231 [Test worker] INFO org.springframework.test.context.support.AnnotationConfigContextLoaderUtils -- Could not detect default configuration classes for test class [likelion.halo.hamso.controller.AuthControllerTest]: AuthControllerTest does not declare any static, non-private, non-final, nested classes annotated with @Configuration.
20:35:47.280 [Test worker] INFO org.springframework.boot.test.context.SpringBootTestContextBootstrapper -- Found @SpringBootConfiguration likelion.halo.hamso.HamsoApplication for test class likelion.halo.hamso.controller.AuthControllerTest

  .   ____          _            __ _ _
 /\\ / ___'_ __ _ _(_)_ __  __ _ \ \ \ \
( ( )\___ | '_ | '_| | '_ \/ _` | \ \ \ \
 \\/  ___)| |_)| | | | | || (_| |  ) ) ) )
  '  |____| .__|_| |_|_| |_\__, | / / / /
 =========|_|==============|___/=/_/_/_/
 :: Spring Boot ::                (v3.1.1)

2023-07-25T20:35:47.438+09:00  INFO 24620 --- [    Test worker] l.h.hamso.controller.AuthControllerTest  : Starting AuthControllerTest using Java 17.0.4 with PID 24620 (started by vivi in /Users/vivi/git/projects/HALO/hamso-backend)
2023-07-25T20:35:47.439+09:00  INFO 24620 --- [    Test worker] l.h.hamso.controller.AuthControllerTest  : No active profile set, falling back to 1 default profile: "default"
2023-07-25T20:35:47.609+09:00  INFO 24620 --- [    Test worker] .s.d.r.c.RepositoryConfigurationDelegate : Bootstrapping Spring Data JPA repositories in DEFAULT mode.
2023-07-25T20:35:47.630+09:00  INFO 24620 --- [    Test worker] .s.d.r.c.RepositoryConfigurationDelegate : Finished Spring Data repository scanning in 18 ms. Found 1 JPA repository interfaces.
2023-07-25T20:35:48.326+09:00  INFO 24620 --- [    Test worker] o.hibernate.jpa.internal.util.LogHelper  : HHH000204: Processing PersistenceUnitInfo [name: default]
2023-07-25T20:35:48.356+09:00  INFO 24620 --- [    Test worker] org.hibernate.Version                    : HHH000412: Hibernate ORM core version 6.2.5.Final
2023-07-25T20:35:48.357+09:00  INFO 24620 --- [    Test worker] org.hibernate.cfg.Environment            : HHH000406: Using bytecode reflection optimizer
2023-07-25T20:35:48.424+09:00  INFO 24620 --- [    Test worker] o.h.b.i.BytecodeProviderInitiator        : HHH000021: Bytecode provider name : bytebuddy
2023-07-25T20:35:48.430+09:00  INFO 24620 --- [    Test worker] o.s.o.j.p.SpringPersistenceUnitInfo      : No LoadTimeWeaver setup: ignoring JPA class transformer
2023-07-25T20:35:48.437+09:00  INFO 24620 --- [    Test worker] com.zaxxer.hikari.HikariDataSource       : HikariPool-1 - Starting...
2023-07-25T20:35:49.151+09:00  INFO 24620 --- [    Test worker] com.zaxxer.hikari.pool.HikariPool        : HikariPool-1 - Added connection com.mysql.cj.jdbc.ConnectionImpl@1a77eb6
2023-07-25T20:35:49.153+09:00  INFO 24620 --- [    Test worker] com.zaxxer.hikari.HikariDataSource       : HikariPool-1 - Start completed.
2023-07-25T20:35:49.221+09:00  WARN 24620 --- [    Test worker] org.hibernate.orm.deprecation            : HHH90000026: MySQL8Dialect has been deprecated; use org.hibernate.dialect.MySQLDialect instead
2023-07-25T20:35:49.308+09:00  INFO 24620 --- [    Test worker] o.h.b.i.BytecodeProviderInitiator        : HHH000021: Bytecode provider name : bytebuddy
2023-07-25T20:35:49.494+09:00  INFO 24620 --- [    Test worker] o.h.e.t.j.p.i.JtaPlatformInitiator       : HHH000490: Using JtaPlatform implementation: [org.hibernate.engine.transaction.jta.platform.internal.NoJtaPlatform]
2023-07-25T20:35:49.590+09:00  INFO 24620 --- [    Test worker] j.LocalContainerEntityManagerFactoryBean : Initialized JPA EntityManagerFactory for persistence unit 'default'
2023-07-25T20:35:49.787+09:00  WARN 24620 --- [    Test worker] JpaBaseConfiguration$JpaWebConfiguration : spring.jpa.open-in-view is enabled by default. Therefore, database queries may be performed during view rendering. Explicitly configure spring.jpa.open-in-view to disable this warning
2023-07-25T20:35:49.802+09:00  WARN 24620 --- [    Test worker] .s.s.UserDetailsServiceAutoConfiguration : 

Using generated security password: b180b7a4-6fff-4d82-8e41-340098196484

This generated password is for development use only. Your security configuration must be updated before running your application in production.

2023-07-25T20:35:49.976+09:00  INFO 24620 --- [    Test worker] o.s.s.web.DefaultSecurityFilterChain     : Will secure Or [Mvc [pattern='/member/**'], Mvc [pattern='/auth/**']] with [org.springframework.security.web.session.DisableEncodeUrlFilter@6c4eccd2, org.springframework.security.web.context.request.async.WebAsyncManagerIntegrationFilter@564e9c0b, org.springframework.security.web.context.SecurityContextHolderFilter@100d071, org.springframework.security.web.header.HeaderWriterFilter@58e2af93, org.springframework.security.web.csrf.CsrfFilter@4fb3c670, org.springframework.security.web.authentication.logout.LogoutFilter@26edfa34, org.springframework.security.web.savedrequest.RequestCacheAwareFilter@333d5a0c, org.springframework.security.web.servletapi.SecurityContextHolderAwareRequestFilter@13446044, org.springframework.security.web.authentication.AnonymousAuthenticationFilter@4c7d19bf, org.springframework.security.web.access.ExceptionTranslationFilter@5efa05f9, org.springframework.security.web.access.intercept.AuthorizationFilter@41db6e4b]
2023-07-25T20:35:50.120+09:00  INFO 24620 --- [    Test worker] o.s.b.t.m.w.SpringBootMockServletContext : Initializing Spring TestDispatcherServlet ''
2023-07-25T20:35:50.120+09:00  INFO 24620 --- [    Test worker] o.s.t.web.servlet.TestDispatcherServlet  : Initializing Servlet ''
2023-07-25T20:35:50.121+09:00  INFO 24620 --- [    Test worker] o.s.t.web.servlet.TestDispatcherServlet  : Completed initialization in 0 ms
2023-07-25T20:35:50.138+09:00  INFO 24620 --- [    Test worker] l.h.hamso.controller.AuthControllerTest  : Started AuthControllerTest in 2.803 seconds (process running for 3.239)
2023-07-25T20:35:50.190+09:00  INFO 24620 --- [    Test worker] l.halo.hamso.interceptor.LogInterceptor  : LOG == preHandle REQUEST: requestURI = [/auth/login]
2023-07-25T20:35:50.190+09:00  INFO 24620 --- [    Test worker] l.halo.hamso.interceptor.LogInterceptor  : LOG == preHandle REQUEST: handler = [likelion.halo.hamso.controller.AuthController#login(MemberLoginDto)]

MockHttpServletRequest:
      HTTP Method = POST
      Request URI = /auth/login
       Parameters = {_csrf=[y4ulb136inl3yTYFHz3ggOcCRclo9aLU6alwF9SLLpS05MWI_bLBCTvNvkxa_1I3JhDUstIyaPBfxZP5ipFDdbXtGabW0PTu]}
          Headers = [Content-Type:"application/json;charset=UTF-8", Content-Length:"38"]
             Body = {"loginId":"testId","password":"1111"}
    Session Attrs = {}

Handler:
             Type = likelion.halo.hamso.controller.AuthController
           Method = likelion.halo.hamso.controller.AuthController#login(MemberLoginDto)

Async:
    Async started = false
     Async result = null

Resolved Exception:
             Type = null

ModelAndView:
        View name = null
             View = null
            Model = null

FlashMap:
       Attributes = null

MockHttpServletResponse:
           Status = 200
    Error message = null
          Headers = [Content-Type:"text/plain;charset=UTF-8", Content-Length:"5", X-Content-Type-Options:"nosniff", X-XSS-Protection:"0", Cache-Control:"no-cache, no-store, max-age=0, must-revalidate", Pragma:"no-cache", Expires:"0", X-Frame-Options:"DENY"]
     Content type = text/plain;charset=UTF-8
             Body = token
    Forwarded URL = null
   Redirected URL = null
          Cookies = []
2023-07-25T20:35:50.238+09:00  INFO 24620 --- [    Test worker] l.halo.hamso.interceptor.LogInterceptor  : LOG == preHandle REQUEST: requestURI = [/auth/join]
2023-07-25T20:35:50.238+09:00  INFO 24620 --- [    Test worker] l.halo.hamso.interceptor.LogInterceptor  : LOG == preHandle REQUEST: handler = [likelion.halo.hamso.controller.AuthController#insertMember(MemberJoinDto)]

MockHttpServletRequest:
      HTTP Method = POST
      Request URI = /auth/join
       Parameters = {_csrf=[NmLPb7fXzE_qDr7UWdF2Q8eGqI8aohurbP_GLmzfIquqT9b-UFOqC4S1qnjHP4bgYfxCd_63hbYuxC6GWpyjGV_pEZqTLu_P]}
          Headers = [Content-Type:"application/json;charset=UTF-8", Content-Length:"107"]
             Body = {"loginId":"testId","password":"1111","name":"testName","phoneNo":"010-1111-1111","email":"test@email.com"}
    Session Attrs = {}

Handler:
             Type = likelion.halo.hamso.controller.AuthController
           Method = likelion.halo.hamso.controller.AuthController#insertMember(MemberJoinDto)

Async:
    Async started = false
     Async result = null

Resolved Exception:
             Type = likelion.halo.hamso.exception.MemberDuplicateException

ModelAndView:
        View name = null
             View = null
            Model = null

FlashMap:
       Attributes = null

MockHttpServletResponse:
           Status = 409
    Error message = null
          Headers = [Content-Type:"application/json", X-Content-Type-Options:"nosniff", X-XSS-Protection:"0", Cache-Control:"no-cache, no-store, max-age=0, must-revalidate", Pragma:"no-cache", Expires:"0", X-Frame-Options:"DENY"]
     Content type = application/json
             Body = {"errorCode":409,"message":"해당 userId가 중복됩니다."}
    Forwarded URL = null
   Redirected URL = null
          Cookies = []
2023-07-25T20:35:50.252+09:00  INFO 24620 --- [    Test worker] l.halo.hamso.interceptor.LogInterceptor  : LOG == preHandle REQUEST: requestURI = [/auth/join]
2023-07-25T20:35:50.252+09:00  INFO 24620 --- [    Test worker] l.halo.hamso.interceptor.LogInterceptor  : LOG == preHandle REQUEST: handler = [likelion.halo.hamso.controller.AuthController#insertMember(MemberJoinDto)]

MockHttpServletRequest:
      HTTP Method = POST
      Request URI = /auth/join
       Parameters = {_csrf=[cV90Fd1ho1QYlsSel27Fgj-mxr-gOPNKkeoUJYT3VfFkgCZURz1HJu4AkGE19_OnrkPxsw7C64bGC8pnqNotRrzDNpAGsBNj]}
          Headers = [Content-Type:"application/json;charset=UTF-8", Content-Length:"107"]
             Body = {"loginId":"testId","password":"1111","name":"testName","phoneNo":"010-1111-1111","email":"test@email.com"}
    Session Attrs = {}

Handler:
             Type = likelion.halo.hamso.controller.AuthController
           Method = likelion.halo.hamso.controller.AuthController#insertMember(MemberJoinDto)

Async:
    Async started = false
     Async result = null

Resolved Exception:
             Type = null

ModelAndView:
        View name = null
             View = null
            Model = null

FlashMap:
       Attributes = null

MockHttpServletResponse:
           Status = 201
    Error message = null
          Headers = [X-Content-Type-Options:"nosniff", X-XSS-Protection:"0", Cache-Control:"no-cache, no-store, max-age=0, must-revalidate", Pragma:"no-cache", Expires:"0", X-Frame-Options:"DENY"]
     Content type = null
             Body = 
    Forwarded URL = null
   Redirected URL = null
          Cookies = []
2023-07-25T20:35:50.258+09:00  INFO 24620 --- [    Test worker] l.halo.hamso.interceptor.LogInterceptor  : LOG == preHandle REQUEST: requestURI = [/auth/login]
2023-07-25T20:35:50.258+09:00  INFO 24620 --- [    Test worker] l.halo.hamso.interceptor.LogInterceptor  : LOG == preHandle REQUEST: handler = [likelion.halo.hamso.controller.AuthController#login(MemberLoginDto)]

MockHttpServletRequest:
      HTTP Method = POST
      Request URI = /auth/login
       Parameters = {_csrf=[zQdkAfS2NXf9_wYkHZU6zc31qC7m3pxUgPcRx5hc8er1YoZz_zRRNsPQBRTQxjYXK7gO9ayWhReDuKh5ss4ioa0_x9qWVrRD]}
          Headers = [Content-Type:"application/json;charset=UTF-8", Content-Length:"38"]
             Body = {"loginId":"testId","password":"1111"}
    Session Attrs = {}

Handler:
             Type = likelion.halo.hamso.controller.AuthController
           Method = likelion.halo.hamso.controller.AuthController#login(MemberLoginDto)

Async:
    Async started = false
     Async result = null

Resolved Exception:
             Type = likelion.halo.hamso.exception.MemberNotFoundException

ModelAndView:
        View name = null
             View = null
            Model = null

FlashMap:
       Attributes = null

MockHttpServletResponse:
           Status = 404
    Error message = null
          Headers = [Content-Type:"application/json", X-Content-Type-Options:"nosniff", X-XSS-Protection:"0", Cache-Control:"no-cache, no-store, max-age=0, must-revalidate", Pragma:"no-cache", Expires:"0", X-Frame-Options:"DENY"]
     Content type = application/json
             Body = {"errorCode":404,"message":"loginId 없음 - 로그인 불가"}
    Forwarded URL = null
   Redirected URL = null
          Cookies = []
2023-07-25T20:35:50.267+09:00  INFO 24620 --- [    Test worker] l.halo.hamso.interceptor.LogInterceptor  : LOG == preHandle REQUEST: requestURI = [/auth/login]
2023-07-25T20:35:50.267+09:00  INFO 24620 --- [    Test worker] l.halo.hamso.interceptor.LogInterceptor  : LOG == preHandle REQUEST: handler = [likelion.halo.hamso.controller.AuthController#login(MemberLoginDto)]

MockHttpServletRequest:
      HTTP Method = POST
      Request URI = /auth/login
       Parameters = {_csrf=[SVFf5hh7ShrtmSd05Hf6xGu-zKQ4m-6c3VIxAgTqVywknUzmfWBq0ysaeCjAqEER1VrOognd4ZwLot-xvGUJNTGLZx4TrX-E]}
          Headers = [Content-Type:"application/json;charset=UTF-8", Content-Length:"38"]
             Body = {"loginId":"testId","password":"1111"}
    Session Attrs = {}

Handler:
             Type = likelion.halo.hamso.controller.AuthController
           Method = likelion.halo.hamso.controller.AuthController#login(MemberLoginDto)

Async:
    Async started = false
     Async result = null

Resolved Exception:
             Type = likelion.halo.hamso.exception.InvalidPasswordException

ModelAndView:
        View name = null
             View = null
            Model = null

FlashMap:
       Attributes = null

MockHttpServletResponse:
           Status = 401
    Error message = null
          Headers = [Content-Type:"application/json", X-Content-Type-Options:"nosniff", X-XSS-Protection:"0", Cache-Control:"no-cache, no-store, max-age=0, must-revalidate", Pragma:"no-cache", Expires:"0", X-Frame-Options:"DENY"]
     Content type = application/json
             Body = {"errorCode":401,"message":"password 틀림 - 로그인 불가"}
    Forwarded URL = null
   Redirected URL = null
          Cookies = []
]]></system-out>
  <system-err><![CDATA[]]></system-err>
</testsuite>
