<?xml version="1.0" encoding="UTF-8"?>
<testsuite name="likelion.halo.hamso.controller.AuthControllerTest" tests="2" skipped="0" failures="0" errors="0" timestamp="2023-07-25T05:59:01" hostname="mini-mouseui-MacBookAir.local" time="0.075">
  <properties/>
  <testcase name="회원가입 실패 - loginId 중복" classname="likelion.halo.hamso.controller.AuthControllerTest" time="0.069"/>
  <testcase name="회원가입 성공" classname="likelion.halo.hamso.controller.AuthControllerTest" time="0.005"/>
  <system-out><![CDATA[14:58:58.419 [Test worker] INFO org.springframework.test.context.support.AnnotationConfigContextLoaderUtils -- Could not detect default configuration classes for test class [likelion.halo.hamso.controller.AuthControllerTest]: AuthControllerTest does not declare any static, non-private, non-final, nested classes annotated with @Configuration.
14:58:58.472 [Test worker] INFO org.springframework.boot.test.context.SpringBootTestContextBootstrapper -- Found @SpringBootConfiguration likelion.halo.hamso.HamsoApplication for test class likelion.halo.hamso.controller.AuthControllerTest

  .   ____          _            __ _ _
 /\\ / ___'_ __ _ _(_)_ __  __ _ \ \ \ \
( ( )\___ | '_ | '_| | '_ \/ _` | \ \ \ \
 \\/  ___)| |_)| | | | | || (_| |  ) ) ) )
  '  |____| .__|_| |_|_| |_\__, | / / / /
 =========|_|==============|___/=/_/_/_/
 :: Spring Boot ::                (v3.1.1)

2023-07-25T14:58:58.646+09:00  INFO 18723 --- [    Test worker] l.h.hamso.controller.AuthControllerTest  : Starting AuthControllerTest using Java 17.0.4 with PID 18723 (started by vivi in /Users/vivi/git/projects/HALO/hamso-backend)
2023-07-25T14:58:58.647+09:00  INFO 18723 --- [    Test worker] l.h.hamso.controller.AuthControllerTest  : No active profile set, falling back to 1 default profile: "default"
2023-07-25T14:58:58.831+09:00  INFO 18723 --- [    Test worker] .s.d.r.c.RepositoryConfigurationDelegate : Bootstrapping Spring Data JPA repositories in DEFAULT mode.
2023-07-25T14:58:58.849+09:00  INFO 18723 --- [    Test worker] .s.d.r.c.RepositoryConfigurationDelegate : Finished Spring Data repository scanning in 14 ms. Found 1 JPA repository interfaces.
2023-07-25T14:58:59.520+09:00  INFO 18723 --- [    Test worker] o.hibernate.jpa.internal.util.LogHelper  : HHH000204: Processing PersistenceUnitInfo [name: default]
2023-07-25T14:58:59.550+09:00  INFO 18723 --- [    Test worker] org.hibernate.Version                    : HHH000412: Hibernate ORM core version 6.2.5.Final
2023-07-25T14:58:59.552+09:00  INFO 18723 --- [    Test worker] org.hibernate.cfg.Environment            : HHH000406: Using bytecode reflection optimizer
2023-07-25T14:58:59.615+09:00  INFO 18723 --- [    Test worker] o.h.b.i.BytecodeProviderInitiator        : HHH000021: Bytecode provider name : bytebuddy
2023-07-25T14:58:59.620+09:00  INFO 18723 --- [    Test worker] o.s.o.j.p.SpringPersistenceUnitInfo      : No LoadTimeWeaver setup: ignoring JPA class transformer
2023-07-25T14:58:59.628+09:00  INFO 18723 --- [    Test worker] com.zaxxer.hikari.HikariDataSource       : HikariPool-1 - Starting...
2023-07-25T14:59:00.729+09:00  INFO 18723 --- [    Test worker] com.zaxxer.hikari.pool.HikariPool        : HikariPool-1 - Added connection com.mysql.cj.jdbc.ConnectionImpl@1fba3fd6
2023-07-25T14:59:00.731+09:00  INFO 18723 --- [    Test worker] com.zaxxer.hikari.HikariDataSource       : HikariPool-1 - Start completed.
2023-07-25T14:59:00.803+09:00  WARN 18723 --- [    Test worker] org.hibernate.orm.deprecation            : HHH90000026: MySQL8Dialect has been deprecated; use org.hibernate.dialect.MySQLDialect instead
2023-07-25T14:59:00.879+09:00  INFO 18723 --- [    Test worker] o.h.b.i.BytecodeProviderInitiator        : HHH000021: Bytecode provider name : bytebuddy
2023-07-25T14:59:01.101+09:00  INFO 18723 --- [    Test worker] o.h.e.t.j.p.i.JtaPlatformInitiator       : HHH000490: Using JtaPlatform implementation: [org.hibernate.engine.transaction.jta.platform.internal.NoJtaPlatform]
2023-07-25T14:59:01.227+09:00  INFO 18723 --- [    Test worker] j.LocalContainerEntityManagerFactoryBean : Initialized JPA EntityManagerFactory for persistence unit 'default'
2023-07-25T14:59:01.628+09:00  WARN 18723 --- [    Test worker] JpaBaseConfiguration$JpaWebConfiguration : spring.jpa.open-in-view is enabled by default. Therefore, database queries may be performed during view rendering. Explicitly configure spring.jpa.open-in-view to disable this warning
2023-07-25T14:59:01.761+09:00  INFO 18723 --- [    Test worker] o.s.b.t.m.w.SpringBootMockServletContext : Initializing Spring TestDispatcherServlet ''
2023-07-25T14:59:01.761+09:00  INFO 18723 --- [    Test worker] o.s.t.web.servlet.TestDispatcherServlet  : Initializing Servlet ''
2023-07-25T14:59:01.763+09:00  INFO 18723 --- [    Test worker] o.s.t.web.servlet.TestDispatcherServlet  : Completed initialization in 0 ms
2023-07-25T14:59:01.775+09:00  INFO 18723 --- [    Test worker] l.h.hamso.controller.AuthControllerTest  : Started AuthControllerTest in 3.244 seconds (process running for 3.715)
2023-07-25T14:59:01.815+09:00  INFO 18723 --- [    Test worker] l.halo.hamso.interceptor.LogInterceptor  : LOG == preHandle REQUEST: requestURI = [/auth/join]
2023-07-25T14:59:01.817+09:00  INFO 18723 --- [    Test worker] l.halo.hamso.interceptor.LogInterceptor  : LOG == preHandle REQUEST: handler = [likelion.halo.hamso.controller.AuthController#insertMember(MemberJoinDto)]

MockHttpServletRequest:
      HTTP Method = POST
      Request URI = /auth/join
       Parameters = {}
          Headers = [Content-Type:"application/json;charset=UTF-8", Content-Length:"107"]
             Body = {"loginId":"testId","password":"1111","name":"testName","phoneNo":"010-1111-1111","email":"test@email.com"}
    Session Attrs = {}

Handler:
             Type = likelion.halo.hamso.controller.AuthController
           Method = likelion.halo.hamso.controller.AuthController#insertMember(MemberJoinDto)

Async:
    Async started = false
     Async result = null

Resolved Exception:
             Type = likelion.halo.hamso.exception.MemberDuplicateException

ModelAndView:
        View name = null
             View = null
            Model = null

FlashMap:
       Attributes = null

MockHttpServletResponse:
           Status = 409
    Error message = null
          Headers = [Vary:"Origin", "Access-Control-Request-Method", "Access-Control-Request-Headers", Content-Type:"application/json"]
     Content type = application/json
             Body = {"errorCode":409,"message":"해당 userId가 중복됩니다."}
    Forwarded URL = null
   Redirected URL = null
          Cookies = []
2023-07-25T14:59:01.854+09:00  INFO 18723 --- [    Test worker] l.halo.hamso.interceptor.LogInterceptor  : LOG == preHandle REQUEST: requestURI = [/auth/join]
2023-07-25T14:59:01.854+09:00  INFO 18723 --- [    Test worker] l.halo.hamso.interceptor.LogInterceptor  : LOG == preHandle REQUEST: handler = [likelion.halo.hamso.controller.AuthController#insertMember(MemberJoinDto)]

MockHttpServletRequest:
      HTTP Method = POST
      Request URI = /auth/join
       Parameters = {}
          Headers = [Content-Type:"application/json;charset=UTF-8", Content-Length:"107"]
             Body = {"loginId":"testId","password":"1111","name":"testName","phoneNo":"010-1111-1111","email":"test@email.com"}
    Session Attrs = {}

Handler:
             Type = likelion.halo.hamso.controller.AuthController
           Method = likelion.halo.hamso.controller.AuthController#insertMember(MemberJoinDto)

Async:
    Async started = false
     Async result = null

Resolved Exception:
             Type = null

ModelAndView:
        View name = null
             View = null
            Model = null

FlashMap:
       Attributes = null

MockHttpServletResponse:
           Status = 201
    Error message = null
          Headers = [Vary:"Origin", "Access-Control-Request-Method", "Access-Control-Request-Headers"]
     Content type = null
             Body = 
    Forwarded URL = null
   Redirected URL = null
          Cookies = []
]]></system-out>
  <system-err><![CDATA[]]></system-err>
</testsuite>
